-------------------------------------------------------------------------------
Test set: com.library.StudentServiceTest
-------------------------------------------------------------------------------
Tests run: 4, Failures: 0, Errors: 4, Skipped: 0, Time elapsed: 0.015 s <<< FAILURE! -- in com.library.StudentServiceTest
com.library.StudentServiceTest.testUpdateStudent -- Time elapsed: 0.002 s <<< ERROR!
java.lang.NoClassDefFoundError: Could not initialize class com.library.util.DbConnection
	at com.library.dao.StudentDAO.truncate(StudentDAO.java:87)
	at com.library.service.StudentService.truncate(StudentService.java:67)
	at com.library.StudentServiceTest.setUp(StudentServiceTest.java:20)
	at java.base/java.lang.reflect.Method.invoke(Method.java:568)
	at java.base/java.util.ArrayList.forEach(ArrayList.java:1511)
	at java.base/java.util.ArrayList.forEach(ArrayList.java:1511)

com.library.StudentServiceTest.testAddStudent -- Time elapsed: 0.003 s <<< ERROR!
java.lang.NoClassDefFoundError: Could not initialize class com.library.util.DbConnection
	at com.library.dao.StudentDAO.truncate(StudentDAO.java:87)
	at com.library.service.StudentService.truncate(StudentService.java:67)
	at com.library.StudentServiceTest.setUp(StudentServiceTest.java:20)
	at java.base/java.lang.reflect.Method.invoke(Method.java:568)
	at java.base/java.util.ArrayList.forEach(ArrayList.java:1511)
	at java.base/java.util.ArrayList.forEach(ArrayList.java:1511)

com.library.StudentServiceTest.testDeleteStudent -- Time elapsed: 0.002 s <<< ERROR!
java.lang.NoClassDefFoundError: Could not initialize class com.library.util.DbConnection
	at com.library.dao.StudentDAO.truncate(StudentDAO.java:87)
	at com.library.service.StudentService.truncate(StudentService.java:67)
	at com.library.StudentServiceTest.setUp(StudentServiceTest.java:20)
	at java.base/java.lang.reflect.Method.invoke(Method.java:568)
	at java.base/java.util.ArrayList.forEach(ArrayList.java:1511)
	at java.base/java.util.ArrayList.forEach(ArrayList.java:1511)

com.library.StudentServiceTest.testGetAllStudents -- Time elapsed: 0.002 s <<< ERROR!
java.lang.NoClassDefFoundError: Could not initialize class com.library.util.DbConnection
	at com.library.dao.StudentDAO.truncate(StudentDAO.java:87)
	at com.library.service.StudentService.truncate(StudentService.java:67)
	at com.library.StudentServiceTest.setUp(StudentServiceTest.java:20)
	at java.base/java.lang.reflect.Method.invoke(Method.java:568)
	at java.base/java.util.ArrayList.forEach(ArrayList.java:1511)
	at java.base/java.util.ArrayList.forEach(ArrayList.java:1511)

